False
Use dataset ./dataset/arxiv_fine\small.jsonl
Length of dataset: 3674
Length of label list: 112
Total sample number: 400	JSON file './generated_labels\arxiv_fine_small_find_labels.json' written.
Sleeping for 30 seconds to avoid TPM limit...
Total sample number: 800	JSON file './generated_labels\arxiv_fine_small_find_labels.json' written.
Sleeping for 30 seconds to avoid TPM limit...
Total sample number: 1200	JSON file './generated_labels\arxiv_fine_small_find_labels.json' written.
Sleeping for 30 seconds to avoid TPM limit...
Total sample number: 1600	JSON file './generated_labels\arxiv_fine_small_find_labels.json' written.
Sleeping for 30 seconds to avoid TPM limit...
Total sample number: 2000	JSON file './generated_labels\arxiv_fine_small_find_labels.json' written.
Sleeping for 30 seconds to avoid TPM limit...
Total sample number: 2400	JSON file './generated_labels\arxiv_fine_small_find_labels.json' written.
Sleeping for 30 seconds to avoid TPM limit...
Total sample number: 2800	JSON file './generated_labels\arxiv_fine_small_find_labels.json' written.
Sleeping for 30 seconds to avoid TPM limit...
Total sample number: 3200	JSON file './generated_labels\arxiv_fine_small_find_labels.json' written.
Sleeping for 30 seconds to avoid TPM limit...
Total sample number: 3600	JSON file './generated_labels\arxiv_fine_small_find_labels.json' written.
Sleeping for 30 seconds to avoid TPM limit...
JSON file './generated_labels\arxiv_fine_small_find_labels.json' written.
Classification result:
Unsuccessful: 171
actuarial mathematics: 13
mathematical analysis: 111
control and optimization: 78
metric spaces: 24
financial modeling: 60
portfolio-selection: 25
web mining: 7
electrical engineering: 37
particle physics: 102
virology: 12
neuroscience: 41
rigorous mathematics: 109
equity markets: 7
engineering: 21
unknown_topic: 21
algorithmic randomness: 62
astro-ph: 27
financial mathematics: 65
complex systems: 16
fractal theory: 9
quantum physics: 132
statistical physics: 67
bioinformatics: 142
geometry: 58
applied mathematics: 1
unknown_label: 93
data science: 25
differential equations: 41
psychology: 11
computer science: 66
geoscience: 7
filtering techniques: 10
high performance computing: 13
software engineering: 27
social science: 47
social-sciences: 1
markets and matching: 21
artificial intelligence: 43
computer vision: 63
biometrics: 4
cell biology: 24
signal processing: 58
financial_networks: 8
control theory: 40
crypto-market analysis: 15
network theory: 58
asset-allocation: 2
image recognition: 20
bio-physics: 42
photonics: 47
neutrino physics: 14
consensus-algorithms: 4
chemistry: 14
homotopy-theory: 15
thermodynamics: 13
complexity theory: 1
actuarial science: 2
design: 14
linear algebra: 5
social-sensing-analysis: 3
social choice theory: 9
time series analysis: 19
synchronization: 4
network design optimization: 22
numerical analysis: 23
mathematics: 101
group theory: 46
population genetics: 16
computational simulations: 11
energy-markets: 13
environmental studies: 12
coding-theory: 9
auction-theory: 5
topology: 79
neutrino-astronomy: 4
molecular biology: 13
biology: 22
homotopy theory: 9
optimal control: 12
fluid dynamics: 65
algebra: 121
medicine: 13
machine learning: 70
arbitrage: 9
financial instruments: 1
statistics: 32
computational biology: 9
inference methods: 24
cryptocurrency: 2
recommendation systems: 13
economics: 52
financial markets: 42
astrophysics: 185
health sciences: 4
material science: 57
risk analysis: 7
physics: 130
finance: 1
earthquake modeling: 9
plasma physics: 36
neural dynamics: 19
econometrics: 8
evolutionary biology: 8
information retrieval: 37
bioinformatics-docking: 2
Total time usage: 2764.122415781021 seconds
