False
Use dataset ./dataset/arxiv_fine\small.jsonl
Length of dataset: 3674
Length of label list: 33
Total sample number: 400	JSON file './generated_labels\arxiv_fine_small_find_labels.json' written.
Sleeping for 30 seconds to avoid TPM limit...
Total sample number: 800	JSON file './generated_labels\arxiv_fine_small_find_labels.json' written.
Sleeping for 30 seconds to avoid TPM limit...
Total sample number: 1200	JSON file './generated_labels\arxiv_fine_small_find_labels.json' written.
Sleeping for 30 seconds to avoid TPM limit...
Total sample number: 1600	JSON file './generated_labels\arxiv_fine_small_find_labels.json' written.
Sleeping for 30 seconds to avoid TPM limit...
Total sample number: 2000	JSON file './generated_labels\arxiv_fine_small_find_labels.json' written.
Sleeping for 30 seconds to avoid TPM limit...
Total sample number: 2400	JSON file './generated_labels\arxiv_fine_small_find_labels.json' written.
Sleeping for 30 seconds to avoid TPM limit...
Total sample number: 2800	JSON file './generated_labels\arxiv_fine_small_find_labels.json' written.
Sleeping for 30 seconds to avoid TPM limit...
Total sample number: 3200	JSON file './generated_labels\arxiv_fine_small_find_labels.json' written.
Sleeping for 30 seconds to avoid TPM limit...
Total sample number: 3600	JSON file './generated_labels\arxiv_fine_small_find_labels.json' written.
Sleeping for 30 seconds to avoid TPM limit...
JSON file './generated_labels\arxiv_fine_small_find_labels.json' written.
Classification result:
Unsuccessful: 28
physics optics: 161
cs ro: 88
cs vi: 4
qfin pr: 131
cs si: 10
cs cv: 49
econ ey: 63
cs gt: 22
cs cr: 49
eess sy: 29
qfin gn: 131
condmat soft: 65
physics: 350
cs cl: 5
cs networks: 178
cs dc: 8
condmat other: 281
physics control: 104
cs it: 51
physics atom ph: 77
astro ph: 222
cs ai: 309
cs hc: 8
econ: 170
physics chem ph: 22
stat ap: 84
qbio bm: 279
math na: 509
math nt: 53
cs ir: 42
qfin mf: 60
econ ag ei: 32
Total time usage: 5133.708719491959 seconds
