False
Use dataset ./dataset/go_emotion\small.jsonl
Length of dataset: 5940
Length of label list: 6
Total sample number: 400	JSON file './generated_labels\go_emotion_small_find_labels.json' written.
Sleeping for 30 seconds to avoid TPM limit...
Total sample number: 800	JSON file './generated_labels\go_emotion_small_find_labels.json' written.
Sleeping for 30 seconds to avoid TPM limit...
Total sample number: 1200	JSON file './generated_labels\go_emotion_small_find_labels.json' written.
Sleeping for 30 seconds to avoid TPM limit...
Total sample number: 1600	JSON file './generated_labels\go_emotion_small_find_labels.json' written.
Sleeping for 30 seconds to avoid TPM limit...
Total sample number: 2000	JSON file './generated_labels\go_emotion_small_find_labels.json' written.
Sleeping for 30 seconds to avoid TPM limit...
Total sample number: 2400	JSON file './generated_labels\go_emotion_small_find_labels.json' written.
Sleeping for 30 seconds to avoid TPM limit...
Total sample number: 2800	JSON file './generated_labels\go_emotion_small_find_labels.json' written.
Sleeping for 30 seconds to avoid TPM limit...
Total sample number: 3200	JSON file './generated_labels\go_emotion_small_find_labels.json' written.
Sleeping for 30 seconds to avoid TPM limit...
Total sample number: 3600	JSON file './generated_labels\go_emotion_small_find_labels.json' written.
Sleeping for 30 seconds to avoid TPM limit...
Total sample number: 4000	JSON file './generated_labels\go_emotion_small_find_labels.json' written.
Sleeping for 30 seconds to avoid TPM limit...
Total sample number: 4400	JSON file './generated_labels\go_emotion_small_find_labels.json' written.
Sleeping for 30 seconds to avoid TPM limit...
Total sample number: 4800	JSON file './generated_labels\go_emotion_small_find_labels.json' written.
Sleeping for 30 seconds to avoid TPM limit...
Total sample number: 5200	JSON file './generated_labels\go_emotion_small_find_labels.json' written.
Sleeping for 30 seconds to avoid TPM limit...
Total sample number: 5600	JSON file './generated_labels\go_emotion_small_find_labels.json' written.
Sleeping for 30 seconds to avoid TPM limit...
JSON file './generated_labels\go_emotion_small_find_labels.json' written.
Classification result:
Unsuccessful: 2
fear: 378
disgust: 349
curiosity: 1799
optimism: 1941
grief: 282
anger: 1189
Total time usage: 8100.534415483475 seconds
