False
Use dataset ./dataset/massive_scenario\small.jsonl
Length of dataset: 2974
Length of label list: 37
Total sample number: 400	JSON file './generated_labels\massive_scenario_small_find_labels.json' written.
Sleeping for 30 seconds to avoid TPM limit...
Total sample number: 800	JSON file './generated_labels\massive_scenario_small_find_labels.json' written.
Sleeping for 30 seconds to avoid TPM limit...
Total sample number: 1200	JSON file './generated_labels\massive_scenario_small_find_labels.json' written.
Sleeping for 30 seconds to avoid TPM limit...
Total sample number: 1600	JSON file './generated_labels\massive_scenario_small_find_labels.json' written.
Sleeping for 30 seconds to avoid TPM limit...
Total sample number: 2000	JSON file './generated_labels\massive_scenario_small_find_labels.json' written.
Sleeping for 30 seconds to avoid TPM limit...
Total sample number: 2400	JSON file './generated_labels\massive_scenario_small_find_labels.json' written.
Sleeping for 30 seconds to avoid TPM limit...
Total sample number: 2800	JSON file './generated_labels\massive_scenario_small_find_labels.json' written.
Sleeping for 30 seconds to avoid TPM limit...
JSON file './generated_labels\massive_scenario_small_find_labels.json' written.
Classification result:
Unsuccessful: 4
error unclear input: 75
stock price: 29
shopping list update: 119
history: 35
location region: 199
contact: 65
elvis preferences: 2
dental filling material: 1
datetime: 143
animal facts: 24
radio tune: 57
shopping: 88
topic: 179
clothing history: 12
email: 119
silence control: 169
social media trending: 83
currency exchange: 41
iot: 37
local news: 171
event reminder: 390
news: 66
music genre: 31
coordinates: 2
anything on your mind: 97
open app: 79
heat conductivity comparison: 3
do math: 30
birthday: 29
music playback: 255
news lookup: 49
email check: 90
recommendation: 97
play chess: 14
delete calendar event: 82
notification email: 5
education: 3
Total time usage: 3937.9497797489166 seconds
