False
Use dataset ./dataset/massive_intent\small.jsonl
Length of dataset: 2974
Length of label list: 40
Total sample number: 400	JSON file './generated_labels\massive_intent_small_find_labels.json' written.
Sleeping for 30 seconds to avoid TPM limit...
Total sample number: 800	JSON file './generated_labels\massive_intent_small_find_labels.json' written.
Sleeping for 30 seconds to avoid TPM limit...
Total sample number: 1200	JSON file './generated_labels\massive_intent_small_find_labels.json' written.
Sleeping for 30 seconds to avoid TPM limit...
Total sample number: 1600	JSON file './generated_labels\massive_intent_small_find_labels.json' written.
Sleeping for 30 seconds to avoid TPM limit...
Total sample number: 2000	JSON file './generated_labels\massive_intent_small_find_labels.json' written.
Sleeping for 30 seconds to avoid TPM limit...
Total sample number: 2400	JSON file './generated_labels\massive_intent_small_find_labels.json' written.
Sleeping for 30 seconds to avoid TPM limit...
Total sample number: 2800	JSON file './generated_labels\massive_intent_small_find_labels.json' written.
Sleeping for 30 seconds to avoid TPM limit...
JSON file './generated_labels\massive_intent_small_find_labels.json' written.
Classification result:
Unsuccessful: 41
remind contact old friends: 14
idle chit chat: 405
where i went today: 24
volume setting: 72
iot hue lightoff: 131
get person asap: 17
takeaway order: 74
find route: 69
general health tips: 50
alarms set today: 31
go backward thirty seconds: 6
train ticket: 22
book train ticket online: 32
current date: 166
technology: 48
iot cleaning: 12
consequences to actions: 48
news query: 524
recommendation events: 72
get somewhere: 38
resume playback: 97
remind me about: 156
sandals today: 11
jacket today: 10
alarm settings: 35
remember this email: 92
contacts please: 51
qa definition: 79
instructions make meal: 98
parenting: 1
qa maths: 31
quiet time: 13
birthday wishes: 33
find list: 133
review alarms: 16
email polling: 106
qa stock: 24
vitaly channel: 8
alarm remove: 62
robot vacuum start: 22
Total time usage: 3035.909419775009 seconds
